<?xml version="1.0" encoding="UTF-8"?>
<!-- Generated by org.testng.reporters.JUnitReportReporter -->
<testsuite skipped="0" hostname="DESKTOP-P0O5KDQ" name="tests.SpacePageTest" tests="1" failures="0" timestamp="2022-10-05T21:39:36 ICT" time="1.817" errors="0">
  <testcase name="tc_002" time="1.817" classname="tests.SpacePageTest"/>
  <system-out/>
</testsuite> <!-- tests.SpacePageTest -->
